
produce : pi u8 : (corec t0. [t0 × ◆]), u7 : []. (int[()]
            --((rec g1.
                 (pi u8 : (corec t0. [t0 × ◆]), u7 : [].
                   (• \/ ((g1)[u8.0, ()])/u8.1))))
              [u8, u7]-->
            int[()] flist[u8]) | ((rec g1.
                                    (pi u8 : (corec t0. [t0 × ◆]),
                                      u7 : [].
                                      (• \/ ((g1)[u8.0, ()])/u8.1))))
                                 [u8, u7]
consume : pi u12 : [],
                                                     u11 : (corec t1. [
                                                     t1 × ◆]).
                                                     (int[()]
                                                       * int[()] flist[u11]
                                                     --((rec g2.
                                                          (pi u12 : [],
                                                            u11 : (corec t1. [
                                                            t1 × ◆]).
                                                            (•
                                                             \/ (u11.1->
                                                                 + (g2)[
                                                                   (), 
                                                                   u11.0])))))
                                                       [u12, u11]-->
                                                     int[()]) | ((rec g2.
                                                                   (pi u12 : [],
                                                                    u11 : (corec t1. [
                                                                    t1 × 
                                                                    ◆]).
                                                                    (•
                                                                    \/ 
                                                                    (u11.1->
                                                                    + 
                                                                    (g2)[
                                                                    (),
                                                                    u11.0])))))
                                                                [u12, u11]
sum : 
pi u16 : [], u15 : []. (int[()]
 --((rec g3.
      (pi u16 : [], u15 : [].
        (new u18 : (corec t0. [t0 × ◆]).
          (((rec g1.
              (pi u8 : (corec t0. [t0 × ◆]), u7 : [].
                (• \/ ((g1)[u8.0, ()])/u8.1))))
           [u18, ()]
           + ((rec g2.
                (pi u12 : [], u11 : (corec t1. [t1 × ◆]).
                  (• \/ (u11.1-> + (g2)[(), u11.0])))))
             [(), u18])))))
   [u16, u15]-->
 int[()]) | ((rec g3.
               (pi u16 : [], u15 : [].
                 (new u18 : (corec t0. [t0 × ◆]).
                   (((rec g1.
                       (pi u8 : (corec t0. [t0 × ◆]), u7 : [].
                         (• \/ ((g1)[u8.0, ()])/u8.1))))
                    [u18, ()]
                    + ((rec g2.
                         (pi u12 : [], u11 : (corec t1. [t1 × ◆]).
                           (• \/ (u11.1-> + (g2)[(), u11.0])))))
                      [(), u18])))))
            [u16, u15]
