
expensive : pi u8 : [], u7 : []. (int[()] * int[()]
              --((rec g1. (pi u8 : [], u7 : []. •)))[u8, u7]--> int[()]) | 
((rec g1. (pi u8 : [], u7 : []. •)))[u8, u7]
list_pi : pi u12 : (corec t0. [
                                                          ◆ × t0]),
                                                          u11 : ◆.
                                                          (int[()]
                                                            future[u11]
                                                            * int[()]
                                                          --((rec g2.
                                                               (pi u12 : (corec t0. [
                                                                 ◆ × 
                                                                 t0]),
                                                                 u11 : ◆.
                                                                 (((u11->
                                                                    + 
                                                                    (
                                                                    (rec g1.
                                                                    (pi u8 : [],
                                                                    u7 : [].
                                                                    •)))
                                                                    [
                                                                    (), 
                                                                    ()]))/
                                                                   u12.0
                                                                  + (g2)
                                                                    [
                                                                    u12.1,
                                                                    u12.0]))))
                                                            [u12, u11]-->
                                                          int[()] futlist[u12]) | 
((rec g2.
   (pi u12 : (corec t0. [◆ × t0]), u11 : ◆.
     (((u11-> + ((rec g1. (pi u8 : [], u7 : []. •)))[(), ()]))/u12.0
      + (g2)[u12.1, u12.0]))))
[u12, u11]
main : 'a. pi u16 : [], u15 : []. ('a
                       --((rec g3.
                            (pi u16 : [], u15 : [].
                              (new u18 : [(corec t0. [◆ × t0]) × 
                                ◆].
                                ((•/u18.1
                                  + ((rec g2.
                                       (pi u12 : (corec t0. [◆ × t0]),
                                         u11 : ◆.
                                         (((u11->
                                            + ((rec g1.
                                                 (pi u8 : [], u7 : []. •)))
                                              [(), ()]))/u12.0
                                          + (g2)[u12.1, u12.0]))))
                                    [u18.0, u18.1])
                                 + (• \/ (• \/ u18.0.1.0->)))))))
                         [u16, u15]-->
                       int[()]) | ((rec g3.
                                     (pi u16 : [], u15 : [].
                                       (new u18 : [(corec t0. [◆ × t0])
                                          × ◆].
                                         ((•/u18.1
                                           + ((rec g2.
                                                (pi u12 : (corec t0. [
                                                  ◆ × t0]), u11 : ◆.
                                                  (((u11->
                                                     + ((rec g1.
                                                          (pi u8 : [],
                                                            u7 : []. 
                                                            •)))
                                                       [(), ()]))/u12.0
                                                   + (g2)[u12.1, u12.0]))))
                                             [u18.0, u18.1])
                                          + (• \/ (• \/ u18.0.1.0->)))))))
                                  [u16, u15]
_ : int[()] | ((rec g3.
                                                              (pi u16 : [],
                                                                u15 : [].
                                                                (new u18 : [
                                                                  (corec t0. [
                                                                  ◆ × 
                                                                  t0]) × 
                                                                  ◆].
                                                                  ((•/u18.1
                                                                    + 
                                                                    (
                                                                    (rec g2.
                                                                    (pi u12 : (corec t0. [
                                                                    ◆ × 
                                                                    t0]),
                                                                    u11 : ◆.
                                                                    (((u11->
                                                                    + (
                                                                    (rec g1.
                                                                    (pi u8 : [],
                                                                    u7 : [].
                                                                    •)))
                                                                    [(), 
                                                                    ()]))/
                                                                    u12.0
                                                                    + 
                                                                    (g2)
                                                                    [
                                                                    u12.1,
                                                                    u12.0]))))
                                                                    [
                                                                    u18.0,
                                                                    u18.1])
                                                                   + 
                                                                   (•
                                                                    \/ 
                                                                    (•
                                                                    \/ 
                                                                    u18.0.1.0->)))))))
                                                           [(), ()]
