
expensive : pi u8 : [], u7 : []. (int[()] * int[()]
              --((rec g1. (pi u8 : [], u7 : []. •)))[u8, u7]--> int[()]) | 
((rec g1. (pi u8 : [], u7 : []. •)))[u8, u7]
pipeline_pi : pi u12 : (corec t0. [
                                                              t0 × ◆]),
                                                              u11 : [].
                                                              (int[()]
                                                                * int[()]
                                                              --((rec g2.
                                                                   (pi u12 : (corec t0. [
                                                                    t0 × 
                                                                    ◆]),
                                                                    u11 : [].
                                                                    ((
                                                                    (rec g1.
                                                                    (pi u8 : [],
                                                                    u7 : [].
                                                                    •)))
                                                                    [(), 
                                                                    ()]
                                                                    + 
                                                                    ((g2)
                                                                    [u12.0,
                                                                    ()])/
                                                                    u12.1))))
                                                                [u12, u11]-->
                                                              int[()] pipe[u12]) | 
((rec g2.
   (pi u12 : (corec t0. [t0 × ◆]), u11 : [].
     (((rec g1. (pi u8 : [], u7 : []. •)))[(), ()]
      + ((g2)[u12.0, ()])/u12.1))))
[u12, u11]
nth : 'a. pi u16 : [], u15 : (corec t1. [t1 × ◆]).
                      ('a pipe[u15] * int[()]
                      --((rec g3.
                           (pi u16 : [], u15 : (corec t1. [t1 × ◆]).
                             (• \/ (u15.1-> + (g3)[(), u15.0])))))
                        [u16, u15]-->
                      'a) | ((rec g3.
                               (pi u16 : [], u15 : (corec t1. [t1 × 
                                 ◆]). (• \/ (u15.1-> + (g3)[(), u15.0])))))
                            [u16, u15]
main : 'a. pi u20 : [], u19 : []. (
                                                   'a
                                                   --((rec g4.
                                                        (pi u20 : [],
                                                          u19 : [].
                                                          (new u22 : (corec t0. [
                                                            t0 × ◆]).
                                                            (((rec g2.
                                                                (pi u12 : (corec t0. [
                                                                  t0 × 
                                                                  ◆]),
                                                                  u11 : [].
                                                                  (((rec g1.
                                                                    (pi u8 : [],
                                                                    u7 : [].
                                                                    •)))
                                                                   [(), 
                                                                   ()]
                                                                   + 
                                                                   ((g2)
                                                                    [
                                                                    u12.0,
                                                                    ()])/
                                                                    u12.1))))
                                                             [u22, ()]
                                                             + ((rec g3.
                                                                  (pi u16 : [],
                                                                    u15 : (corec t1. [
                                                                    t1 × 
                                                                    ◆]).
                                                                    (•
                                                                    \/ 
                                                                    (u15.1->
                                                                    + 
                                                                    (g3)[
                                                                    (),
                                                                    u15.0])))))
                                                               [(), u22])))))
                                                     [u20, u19]-->
                                                   int[()]) | ((rec g4.
                                                                 (pi u20 : [],
                                                                   u19 : [].
                                                                   (new u22 : (corec t0. [
                                                                    t0 × 
                                                                    ◆]).
                                                                    ((
                                                                    (rec g2.
                                                                    (pi u12 : (corec t0. [
                                                                    t0 × 
                                                                    ◆]),
                                                                    u11 : [].
                                                                    ((
                                                                    (rec g1.
                                                                    (pi u8 : [],
                                                                    u7 : [].
                                                                    •)))
                                                                    [(), 
                                                                    ()]
                                                                    + 
                                                                    ((g2)
                                                                    [u12.0,
                                                                    ()])/
                                                                    u12.1))))
                                                                    [u22, 
                                                                    ()]
                                                                    + 
                                                                    (
                                                                    (rec g3.
                                                                    (pi u16 : [],
                                                                    u15 : (corec t1. [
                                                                    t1 × 
                                                                    ◆]).
                                                                    (•
                                                                    \/ 
                                                                    (u15.1->
                                                                    + 
                                                                    (g3)[
                                                                    (),
                                                                    u15.0])))))
                                                                    [
                                                                    (), u22])))))
                                                              [u20, u19]
