
expensive : pi u8 : [], u7 : []. (int[()] * int[()]
              --((rec g1. (pi u8 : [], u7 : []. •)))[u8, u7]--> int[()]) | 
((rec g1. (pi u8 : [], u7 : []. •)))[u8, u7]
pipeline_pi : pi u12 : (corec t0. [
                                                              t0 × ◆]),
                                                              u11 : [].
                                                              (int[()]
                                                                * int[()]
                                                              --((rec g2.
                                                                   (pi u12 : (corec t0. [
                                                                    t0 × 
                                                                    ◆]),
                                                                    u11 : [].
                                                                    ((
                                                                    (rec g1.
                                                                    (pi u8 : [],
                                                                    u7 : [].
                                                                    •)))
                                                                    [(), 
                                                                    ()]
                                                                    + 
                                                                    ((g2)
                                                                    [u12.0,
                                                                    ()])/
                                                                    u12.1))))
                                                                [u12, u11]-->
                                                              int[()] pipe[u12]) | 
((rec g2.
   (pi u12 : (corec t0. [t0 × ◆]), u11 : [].
     (((rec g1. (pi u8 : [], u7 : []. •)))[(), ()]
      + ((g2)[u12.0, ()])/u12.1))))
[u12, u11]
main : 'a. pi u16 : [], u15 : []. ('a
                       --((rec g3.
                            (pi u16 : [], u15 : [].
                              (new u18 : (corec t0. [t0 × ◆]).
                                (((rec g2.
                                    (pi u12 : (corec t0. [t0 × ◆]),
                                      u11 : [].
                                      (((rec g1. (pi u8 : [], u7 : []. •)))
                                       [(), ()] + ((g2)[u12.0, ()])/u12.1))))
                                 [u18, ()] + u18.1->)))))
                         [u16, u15]-->
                       int[()]) | ((rec g3.
                                     (pi u16 : [], u15 : [].
                                       (new u18 : (corec t0. [t0 × ◆]).
                                         (((rec g2.
                                             (pi u12 : (corec t0. [t0 × 
                                               ◆]), u11 : [].
                                               (((rec g1.
                                                   (pi u8 : [], u7 : []. •)))
                                                [(), ()]
                                                + ((g2)[u12.0, ()])/u12.1))))
                                          [u18, ()] + u18.1->)))))
                                  [u16, u15]
_ : int[()] | ((rec g3.
                                                              (pi u16 : [],
                                                                u15 : [].
                                                                (new u18 : (corec t0. [
                                                                  t0 × 
                                                                  ◆]).
                                                                  (((rec g2.
                                                                    (pi u12 : (corec t0. [
                                                                    t0 × 
                                                                    ◆]),
                                                                    u11 : [].
                                                                    ((
                                                                    (rec g1.
                                                                    (pi u8 : [],
                                                                    u7 : [].
                                                                    •)))
                                                                    [(), 
                                                                    ()]
                                                                    + 
                                                                    ((g2)
                                                                    [u12.0,
                                                                    ()])/
                                                                    u12.1))))
                                                                   [u18, 
                                                                   ()]
                                                                   + 
                                                                   u18.1->)))))
                                                           [(), ()]
