
bst : pi u8 : (corec t0. [t0 × ◆ × t0 × ◆]), u7 : [].
        (int[()] * int[()]
        --((rec g1.
             (pi u8 : (corec t0. [t0 × ◆ × t0 × ◆]), u7 : [].
               (• \/ (((g1)[u8.0, ()])/u8.1 + ((g1)[u8.2, ()])/u8.3)))))
          [u8, u7]-->
        ftree[u8]) | ((rec g1.
                        (pi u8 : (corec t0. [t0 × ◆ × t0 × ◆]),
                          u7 : [].
                          (•
                           \/ (((g1)[u8.0, ()])/u8.1 + ((g1)[u8.2, ()])/u8.3)))))
                     [u8, u7]
tree_sum : pi u12 : [], u11 : (corec t1. [
                                          t1 × ◆ × t1 × ◆]).
                                          (ftree[u11]
                                          --((rec g2.
                                               (pi u12 : [],
                                                 u11 : (corec t1. [t1
                                                  × ◆ × t1 × ◆]).
                                                 (new u14 : ◆.
                                                   (•
                                                    \/ (((u11.1->
                                                          + (g2)[(), u11.0]))/u14
                                                        + ((u11.3->
                                                            + (g2)[(), u11.2])
                                                           + u14->)))))))
                                            [u12, u11]-->
                                          int[()]) | ((rec g2.
                                                        (pi u12 : [],
                                                          u11 : (corec t1. [
                                                          t1
                                                           × ◆
                                                               × t1 × ◆
                                                          ]).
                                                          (new u14 : ◆.
                                                            (•
                                                             \/ (((u11.1->
                                                                   + 
                                                                   (g2)[
                                                                   (), 
                                                                   u11.0]))/u14
                                                                 + ((u11.3->
                                                                    + 
                                                                    (g2)[
                                                                    (),
                                                                    u11.2])
                                                                    + 
                                                                    u14->)))))))
                                                     [u12, u11]
 : int[
()] | (((rec g1.
          (pi u8 : (corec t0. [t0 × ◆ × t0 × ◆]), u7 : [].
            (• \/ (((g1)[u8.0, ()])/u8.1 + ((g1)[u8.2, ()])/u8.3)))))
       [u15, ()]
       + ((rec g2.
            (pi u12 : [], u11 : (corec t1. [t1 × ◆ × t1 × ◆]).
              (new u14 : ◆.
                (•
                 \/ (((u11.1-> + (g2)[(), u11.0]))/u14
                     + ((u11.3-> + (g2)[(), u11.2]) + u14->)))))))
         [(), u15])
